{"name": "test_login[data0]", "status": "broken", "statusDetails": {"message": "selenium.common.exceptions.TimeoutException: Message:", "trace": "self = <test_run.Test_abc object at 0x04B91EE0>\nodriver = <selenium.webdriver.chrome.webdriver.WebDriver (session=\"91a89189e59ea4ddf064edeb25f1b528\")>\ndata = {'password': '123456', 'username': 'nr1'}\n\n    @pytest.mark.parametrize(\"data\",data)\n    @pytest.mark.dependency()\n    def test_login(self, odriver,data):\n        odriver.get(self.url)\n        r = pageLogin(odriver)\n        r.login_1(username=data['username'], password=data['password'])\n>       r.fuxi()\n\ntest_run.py:19: \n_ _ _ _ _ _ _ _ _ _ _ _ _ _ _ _ _ _ _ _ _ _ _ _ _ _ _ _ _ _ _ _ _ _ _ _ _ _ _ _\n..\\..\\run1.py:29: in fuxi\n    aa = self.is_element_exist(self.a)\n..\\Key\\webkeyss.py:54: in is_element_exist\n    element = self.find_element(loc)\n..\\Key\\webkeyss.py:22: in find_element\n    return self._find_element(*loc)\n..\\Key\\webkeyss.py:27: in _find_element\n    WebDriverWait(self.browser, 10).until(EC.visibility_of_all_elements_located(loc))\n_ _ _ _ _ _ _ _ _ _ _ _ _ _ _ _ _ _ _ _ _ _ _ _ _ _ _ _ _ _ _ _ _ _ _ _ _ _ _ _\n\nself = <selenium.webdriver.support.wait.WebDriverWait (session=\"91a89189e59ea4ddf064edeb25f1b528\")>\nmethod = <selenium.webdriver.support.expected_conditions.visibility_of_all_elements_located object at 0x04C803A0>\nmessage = ''\n\n    def until(self, method, message=''):\n        \"\"\"Calls the method provided with the driver as an argument until the \\\n        return value is not False.\"\"\"\n        screen = None\n        stacktrace = None\n    \n        end_time = time.time() + self._timeout\n        while True:\n            try:\n                value = method(self._driver)\n                if value:\n                    return value\n            except self._ignored_exceptions as exc:\n                screen = getattr(exc, 'screen', None)\n                stacktrace = getattr(exc, 'stacktrace', None)\n            time.sleep(self._poll)\n            if time.time() > end_time:\n                break\n>       raise TimeoutException(message, screen, stacktrace)\nE       selenium.common.exceptions.TimeoutException: Message:\n\n..\\..\\..\\pythonProject1\\venv\\lib\\site-packages\\selenium\\webdriver\\support\\wait.py:80: TimeoutException"}, "parameters": [{"name": "data", "value": "{'username': 'nr1', 'password': '123456'}"}], "start": 1647425846166, "stop": 1647425856942, "uuid": "5c8af1a8-4b41-4881-b9da-8008734e93b5", "historyId": "4724bc0187a2ea00c5bf5f05342403de", "testCaseId": "2a4999689cce930fdeb8cdceae394dc8", "fullName": "cihui100.test_case.test_run.Test_abc#test_login", "labels": [{"name": "tag", "value": "dependency"}, {"name": "parentSuite", "value": "cihui100.test_case"}, {"name": "suite", "value": "test_run"}, {"name": "subSuite", "value": "Test_abc"}, {"name": "host", "value": "LAPTOP-JJF1LTFF"}, {"name": "thread", "value": "4800-MainThread"}, {"name": "framework", "value": "pytest"}, {"name": "language", "value": "cpython3"}, {"name": "package", "value": "cihui100.test_case.test_run"}]}